<?xml version="1.0" encoding="UTF-8" standalone="yes"?><!DOCTYPE report PUBLIC "-//JACOCO//DTD Report 1.1//EN"
        "report.dtd">
<report name="app">
    <sessioninfo id="Dell-Juliette-543908e" start="1708597870864" dump="1708597880555"/>
    <package name="agency">
        <class name="agency/AbstractVehicle" sourcefilename="AbstractVehicle.java">
            <method name="&lt;init&gt;" desc="(Ljava/lang/String;Ljava/lang/String;I)V" line="8">
                <counter type="INSTRUCTION" missed="6" covered="18"/>
                <counter type="BRANCH" missed="2" covered="2"/>
                <counter type="LINE" missed="1" covered="6"/>
                <counter type="COMPLEXITY" missed="2" covered="1"/>
                <counter type="METHOD" missed="0" covered="1"/>
            </method>
            <method name="getBrand" desc="()Ljava/lang/String;" line="24">
                <counter type="INSTRUCTION" missed="0" covered="3"/>
                <counter type="LINE" missed="0" covered="1"/>
                <counter type="COMPLEXITY" missed="0" covered="1"/>
                <counter type="METHOD" missed="0" covered="1"/>
            </method>
            <method name="getModel" desc="()Ljava/lang/String;" line="33">
                <counter type="INSTRUCTION" missed="0" covered="3"/>
                <counter type="LINE" missed="0" covered="1"/>
                <counter type="COMPLEXITY" missed="0" covered="1"/>
                <counter type="METHOD" missed="0" covered="1"/>
            </method>
            <method name="getProductionYear" desc="()I" line="42">
                <counter type="INSTRUCTION" missed="0" covered="3"/>
                <counter type="LINE" missed="0" covered="1"/>
                <counter type="COMPLEXITY" missed="0" covered="1"/>
                <counter type="METHOD" missed="0" covered="1"/>
            </method>
            <counter type="INSTRUCTION" missed="6" covered="27"/>
            <counter type="BRANCH" missed="2" covered="2"/>
            <counter type="LINE" missed="1" covered="9"/>
            <counter type="COMPLEXITY" missed="2" covered="4"/>
            <counter type="METHOD" missed="0" covered="4"/>
            <counter type="CLASS" missed="0" covered="1"/>
        </class>
        <class name="agency/Car" sourcefilename="Car.java">
            <method name="&lt;init&gt;" desc="(Ljava/lang/String;Ljava/lang/String;II)V" line="18">
                <counter type="INSTRUCTION" missed="6" covered="12"/>
                <counter type="BRANCH" missed="1" covered="1"/>
                <counter type="LINE" missed="1" covered="4"/>
                <counter type="COMPLEXITY" missed="1" covered="1"/>
                <counter type="METHOD" missed="0" covered="1"/>
            </method>
            <method name="isNew" desc="()Z" line="33">
                <counter type="INSTRUCTION" missed="1" covered="9"/>
                <counter type="BRANCH" missed="1" covered="1"/>
                <counter type="LINE" missed="0" covered="1"/>
                <counter type="COMPLEXITY" missed="1" covered="1"/>
                <counter type="METHOD" missed="0" covered="1"/>
            </method>
            <method name="dailyRentalPrice" desc="()D" line="39">
                <counter type="INSTRUCTION" missed="6" covered="12"/>
                <counter type="BRANCH" missed="1" covered="1"/>
                <counter type="LINE" missed="1" covered="3"/>
                <counter type="COMPLEXITY" missed="1" covered="1"/>
                <counter type="METHOD" missed="0" covered="1"/>
            </method>
            <method name="toString" desc="()Ljava/lang/String;" line="50">
                <counter type="INSTRUCTION" missed="2" covered="19"/>
                <counter type="BRANCH" missed="1" covered="1"/>
                <counter type="LINE" missed="0" covered="2"/>
                <counter type="COMPLEXITY" missed="1" covered="1"/>
                <counter type="METHOD" missed="0" covered="1"/>
            </method>
            <method name="equals" desc="(Ljava/lang/Object;)Z" line="56">
                <counter type="INSTRUCTION" missed="0" covered="30"/>
                <counter type="BRANCH" missed="2" covered="6"/>
                <counter type="LINE" missed="0" covered="3"/>
                <counter type="COMPLEXITY" missed="2" covered="3"/>
                <counter type="METHOD" missed="0" covered="1"/>
            </method>
            <counter type="INSTRUCTION" missed="15" covered="82"/>
            <counter type="BRANCH" missed="6" covered="10"/>
            <counter type="LINE" missed="2" covered="13"/>
            <counter type="COMPLEXITY" missed="6" covered="7"/>
            <counter type="METHOD" missed="0" covered="5"/>
            <counter type="CLASS" missed="0" covered="1"/>
        </class>
        <class name="agency/Motorbike" sourcefilename="Motorbike.java">
            <method name="&lt;init&gt;" desc="(Ljava/lang/String;Ljava/lang/String;II)V" line="7">
                <counter type="INSTRUCTION" missed="6" covered="12"/>
                <counter type="BRANCH" missed="1" covered="1"/>
                <counter type="LINE" missed="1" covered="4"/>
                <counter type="COMPLEXITY" missed="1" covered="1"/>
                <counter type="METHOD" missed="0" covered="1"/>
            </method>
            <method name="dailyRentalPrice" desc="()D" line="18">
                <counter type="INSTRUCTION" missed="0" covered="6"/>
                <counter type="LINE" missed="0" covered="1"/>
                <counter type="COMPLEXITY" missed="0" covered="1"/>
                <counter type="METHOD" missed="0" covered="1"/>
            </method>
            <method name="toString" desc="()Ljava/lang/String;" line="23">
                <counter type="INSTRUCTION" missed="0" covered="12"/>
                <counter type="LINE" missed="0" covered="1"/>
                <counter type="COMPLEXITY" missed="0" covered="1"/>
                <counter type="METHOD" missed="0" covered="1"/>
            </method>
            <method name="equals" desc="(Ljava/lang/Object;)Z" line="28">
                <counter type="INSTRUCTION" missed="0" covered="30"/>
                <counter type="BRANCH" missed="1" covered="7"/>
                <counter type="LINE" missed="0" covered="3"/>
                <counter type="COMPLEXITY" missed="1" covered="4"/>
                <counter type="METHOD" missed="0" covered="1"/>
            </method>
            <counter type="INSTRUCTION" missed="6" covered="60"/>
            <counter type="BRANCH" missed="2" covered="8"/>
            <counter type="LINE" missed="1" covered="9"/>
            <counter type="COMPLEXITY" missed="2" covered="7"/>
            <counter type="METHOD" missed="0" covered="4"/>
            <counter type="CLASS" missed="0" covered="1"/>
        </class>
        <class name="agency/RentalAgency" sourcefilename="RentalAgency.java">
            <method name="&lt;init&gt;" desc="()V" line="12">
                <counter type="INSTRUCTION" missed="0" covered="6"/>
                <counter type="LINE" missed="0" covered="2"/>
                <counter type="COMPLEXITY" missed="0" covered="1"/>
                <counter type="METHOD" missed="0" covered="1"/>
            </method>
            <method name="&lt;init&gt;" desc="(Ljava/util/List;)V" line="15">
                <counter type="INSTRUCTION" missed="0" covered="6"/>
                <counter type="LINE" missed="0" covered="3"/>
                <counter type="COMPLEXITY" missed="0" covered="1"/>
                <counter type="METHOD" missed="0" covered="1"/>
            </method>
            <method name="add" desc="(Lagency/Vehicle;)Z" line="20">
                <counter type="INSTRUCTION" missed="0" covered="14"/>
                <counter type="BRANCH" missed="0" covered="2"/>
                <counter type="LINE" missed="0" covered="4"/>
                <counter type="COMPLEXITY" missed="0" covered="2"/>
                <counter type="METHOD" missed="0" covered="1"/>
            </method>
            <method name="remove" desc="(Lagency/Vehicle;)V" line="29">
                <counter type="INSTRUCTION" missed="0" covered="16"/>
                <counter type="BRANCH" missed="0" covered="2"/>
                <counter type="LINE" missed="0" covered="4"/>
                <counter type="COMPLEXITY" missed="0" covered="2"/>
                <counter type="METHOD" missed="0" covered="1"/>
            </method>
            <method name="getVehicles" desc="()Ljava/util/List;" line="37">
                <counter type="INSTRUCTION" missed="0" covered="3"/>
                <counter type="LINE" missed="0" covered="1"/>
                <counter type="COMPLEXITY" missed="0" covered="1"/>
                <counter type="METHOD" missed="0" covered="1"/>
            </method>
            <method name="select" desc="(Ljava/util/function/Predicate;)Ljava/util/List;" line="49">
                <counter type="INSTRUCTION" missed="0" covered="7"/>
                <counter type="LINE" missed="0" covered="1"/>
                <counter type="COMPLEXITY" missed="0" covered="1"/>
                <counter type="METHOD" missed="0" covered="1"/>
            </method>
            <method name="printSelectedVehicles" desc="(Ljava/util/function/Predicate;)V" line="59">
                <counter type="INSTRUCTION" missed="0" covered="10"/>
                <counter type="LINE" missed="0" covered="2"/>
                <counter type="COMPLEXITY" missed="0" covered="1"/>
                <counter type="METHOD" missed="0" covered="1"/>
            </method>
            <counter type="INSTRUCTION" missed="0" covered="62"/>
            <counter type="BRANCH" missed="0" covered="4"/>
            <counter type="LINE" missed="0" covered="17"/>
            <counter type="COMPLEXITY" missed="0" covered="9"/>
            <counter type="METHOD" missed="0" covered="7"/>
            <counter type="CLASS" missed="0" covered="1"/>
        </class>
        <class name="agency/UnknownVehicleException" sourcefilename="UnknownVehicleException.java">
            <method name="&lt;init&gt;" desc="(Lagency/Vehicle;)V" line="6">
                <counter type="INSTRUCTION" missed="0" covered="6"/>
                <counter type="LINE" missed="0" covered="3"/>
                <counter type="COMPLEXITY" missed="0" covered="1"/>
                <counter type="METHOD" missed="0" covered="1"/>
            </method>
            <method name="getMessage" desc="()Ljava/lang/String;" line="12">
                <counter type="INSTRUCTION" missed="0" covered="5"/>
                <counter type="LINE" missed="0" covered="1"/>
                <counter type="COMPLEXITY" missed="0" covered="1"/>
                <counter type="METHOD" missed="0" covered="1"/>
            </method>
            <counter type="INSTRUCTION" missed="0" covered="11"/>
            <counter type="LINE" missed="0" covered="4"/>
            <counter type="COMPLEXITY" missed="0" covered="2"/>
            <counter type="METHOD" missed="0" covered="2"/>
            <counter type="CLASS" missed="0" covered="1"/>
        </class>
        <class name="agency/Vehicle" sourcefilename="Vehicle.java"/>
        <sourcefile name="AbstractVehicle.java">
            <line nr="8" mi="0" ci="2" mb="0" cb="0"/>
            <line nr="9" mi="0" ci="6" mb="2" cb="2"/>
            <line nr="10" mi="6" ci="0" mb="0" cb="0"/>
            <line nr="13" mi="0" ci="3" mb="0" cb="0"/>
            <line nr="14" mi="0" ci="3" mb="0" cb="0"/>
            <line nr="15" mi="0" ci="3" mb="0" cb="0"/>
            <line nr="16" mi="0" ci="1" mb="0" cb="0"/>
            <line nr="24" mi="0" ci="3" mb="0" cb="0"/>
            <line nr="33" mi="0" ci="3" mb="0" cb="0"/>
            <line nr="42" mi="0" ci="3" mb="0" cb="0"/>
            <counter type="INSTRUCTION" missed="6" covered="27"/>
            <counter type="BRANCH" missed="2" covered="2"/>
            <counter type="LINE" missed="1" covered="9"/>
            <counter type="COMPLEXITY" missed="2" covered="4"/>
            <counter type="METHOD" missed="0" covered="4"/>
            <counter type="CLASS" missed="0" covered="1"/>
        </sourcefile>
        <sourcefile name="RentalAgency.java">
            <line nr="12" mi="0" ci="5" mb="0" cb="0"/>
            <line nr="13" mi="0" ci="1" mb="0" cb="0"/>
            <line nr="15" mi="0" ci="2" mb="0" cb="0"/>
            <line nr="16" mi="0" ci="3" mb="0" cb="0"/>
            <line nr="17" mi="0" ci="1" mb="0" cb="0"/>
            <line nr="20" mi="0" ci="5" mb="0" cb="2"/>
            <line nr="21" mi="0" ci="2" mb="0" cb="0"/>
            <line nr="24" mi="0" ci="5" mb="0" cb="0"/>
            <line nr="25" mi="0" ci="2" mb="0" cb="0"/>
            <line nr="29" mi="0" ci="5" mb="0" cb="2"/>
            <line nr="30" mi="0" ci="5" mb="0" cb="0"/>
            <line nr="33" mi="0" ci="5" mb="0" cb="0"/>
            <line nr="34" mi="0" ci="1" mb="0" cb="0"/>
            <line nr="37" mi="0" ci="3" mb="0" cb="0"/>
            <line nr="49" mi="0" ci="7" mb="0" cb="0"/>
            <line nr="59" mi="0" ci="9" mb="0" cb="0"/>
            <line nr="60" mi="0" ci="1" mb="0" cb="0"/>
            <counter type="INSTRUCTION" missed="0" covered="62"/>
            <counter type="BRANCH" missed="0" covered="4"/>
            <counter type="LINE" missed="0" covered="17"/>
            <counter type="COMPLEXITY" missed="0" covered="9"/>
            <counter type="METHOD" missed="0" covered="7"/>
            <counter type="CLASS" missed="0" covered="1"/>
        </sourcefile>
        <sourcefile name="Motorbike.java">
            <line nr="7" mi="0" ci="5" mb="0" cb="0"/>
            <line nr="9" mi="0" ci="3" mb="1" cb="1"/>
            <line nr="10" mi="6" ci="0" mb="0" cb="0"/>
            <line nr="13" mi="0" ci="3" mb="0" cb="0"/>
            <line nr="14" mi="0" ci="1" mb="0" cb="0"/>
            <line nr="18" mi="0" ci="6" mb="0" cb="0"/>
            <line nr="23" mi="0" ci="12" mb="0" cb="0"/>
            <line nr="28" mi="0" ci="4" mb="0" cb="2"/>
            <line nr="29" mi="0" ci="24" mb="1" cb="5"/>
            <line nr="31" mi="0" ci="2" mb="0" cb="0"/>
            <counter type="INSTRUCTION" missed="6" covered="60"/>
            <counter type="BRANCH" missed="2" covered="8"/>
            <counter type="LINE" missed="1" covered="9"/>
            <counter type="COMPLEXITY" missed="2" covered="7"/>
            <counter type="METHOD" missed="0" covered="4"/>
            <counter type="CLASS" missed="0" covered="1"/>
        </sourcefile>
        <sourcefile name="UnknownVehicleException.java">
            <line nr="6" mi="0" ci="2" mb="0" cb="0"/>
            <line nr="7" mi="0" ci="3" mb="0" cb="0"/>
            <line nr="8" mi="0" ci="1" mb="0" cb="0"/>
            <line nr="12" mi="0" ci="5" mb="0" cb="0"/>
            <counter type="INSTRUCTION" missed="0" covered="11"/>
            <counter type="LINE" missed="0" covered="4"/>
            <counter type="COMPLEXITY" missed="0" covered="2"/>
            <counter type="METHOD" missed="0" covered="2"/>
            <counter type="CLASS" missed="0" covered="1"/>
        </sourcefile>
        <sourcefile name="Vehicle.java"/>
        <sourcefile name="Car.java">
            <line nr="18" mi="0" ci="5" mb="0" cb="0"/>
            <line nr="20" mi="0" ci="3" mb="1" cb="1"/>
            <line nr="21" mi="6" ci="0" mb="0" cb="0"/>
            <line nr="24" mi="0" ci="3" mb="0" cb="0"/>
            <line nr="25" mi="0" ci="1" mb="0" cb="0"/>
            <line nr="33" mi="1" ci="9" mb="1" cb="1"/>
            <line nr="39" mi="0" ci="3" mb="1" cb="1"/>
            <line nr="40" mi="0" ci="7" mb="0" cb="0"/>
            <line nr="42" mi="6" ci="0" mb="0" cb="0"/>
            <line nr="45" mi="0" ci="2" mb="0" cb="0"/>
            <line nr="50" mi="2" ci="6" mb="1" cb="1"/>
            <line nr="51" mi="0" ci="13" mb="0" cb="0"/>
            <line nr="56" mi="0" ci="4" mb="0" cb="2"/>
            <line nr="57" mi="0" ci="24" mb="2" cb="4"/>
            <line nr="59" mi="0" ci="2" mb="0" cb="0"/>
            <counter type="INSTRUCTION" missed="15" covered="82"/>
            <counter type="BRANCH" missed="6" covered="10"/>
            <counter type="LINE" missed="2" covered="13"/>
            <counter type="COMPLEXITY" missed="6" covered="7"/>
            <counter type="METHOD" missed="0" covered="5"/>
            <counter type="CLASS" missed="0" covered="1"/>
        </sourcefile>
        <counter type="INSTRUCTION" missed="27" covered="242"/>
        <counter type="BRANCH" missed="10" covered="24"/>
        <counter type="LINE" missed="4" covered="52"/>
        <counter type="COMPLEXITY" missed="10" covered="29"/>
        <counter type="METHOD" missed="0" covered="22"/>
        <counter type="CLASS" missed="0" covered="5"/>
    </package>
    <package name="utils">
        <class name="utils/BrandCriterion" sourcefilename="BrandCriterion.java">
            <method name="&lt;init&gt;" desc="(Ljava/lang/String;)V" line="10">
                <counter type="INSTRUCTION" missed="0" covered="6"/>
                <counter type="LINE" missed="0" covered="3"/>
                <counter type="COMPLEXITY" missed="0" covered="1"/>
                <counter type="METHOD" missed="0" covered="1"/>
            </method>
            <method name="test" desc="(Lagency/Vehicle;)Z" line="23">
                <counter type="INSTRUCTION" missed="0" covered="6"/>
                <counter type="LINE" missed="0" covered="1"/>
                <counter type="COMPLEXITY" missed="0" covered="1"/>
                <counter type="METHOD" missed="0" covered="1"/>
            </method>
            <method name="getBrand" desc="()Ljava/lang/String;" line="28">
                <counter type="INSTRUCTION" missed="3" covered="0"/>
                <counter type="LINE" missed="1" covered="0"/>
                <counter type="COMPLEXITY" missed="1" covered="0"/>
                <counter type="METHOD" missed="1" covered="0"/>
            </method>
            <counter type="INSTRUCTION" missed="3" covered="12"/>
            <counter type="LINE" missed="1" covered="4"/>
            <counter type="COMPLEXITY" missed="1" covered="2"/>
            <counter type="METHOD" missed="1" covered="2"/>
            <counter type="CLASS" missed="0" covered="1"/>
        </class>
        <class name="utils/TimeProvider" sourcefilename="TimeProvider.java">
            <method name="&lt;init&gt;" desc="()V" line="5">
                <counter type="INSTRUCTION" missed="3" covered="0"/>
                <counter type="LINE" missed="1" covered="0"/>
                <counter type="COMPLEXITY" missed="1" covered="0"/>
                <counter type="METHOD" missed="1" covered="0"/>
            </method>
            <method name="currentYearValue" desc="()I" line="13">
                <counter type="INSTRUCTION" missed="0" covered="4"/>
                <counter type="LINE" missed="0" covered="1"/>
                <counter type="COMPLEXITY" missed="0" covered="1"/>
                <counter type="METHOD" missed="0" covered="1"/>
            </method>
            <counter type="INSTRUCTION" missed="3" covered="4"/>
            <counter type="LINE" missed="1" covered="1"/>
            <counter type="COMPLEXITY" missed="1" covered="1"/>
            <counter type="METHOD" missed="1" covered="1"/>
            <counter type="CLASS" missed="0" covered="1"/>
        </class>
        <class name="utils/MaxPriceCriterion" sourcefilename="MaxPriceCriterion.java">
            <method name="&lt;init&gt;" desc="(D)V" line="10">
                <counter type="INSTRUCTION" missed="6" covered="0"/>
                <counter type="LINE" missed="3" covered="0"/>
                <counter type="COMPLEXITY" missed="1" covered="0"/>
                <counter type="METHOD" missed="1" covered="0"/>
            </method>
            <method name="test" desc="(Lagency/Vehicle;)Z" line="23">
                <counter type="INSTRUCTION" missed="10" covered="0"/>
                <counter type="BRANCH" missed="2" covered="0"/>
                <counter type="LINE" missed="1" covered="0"/>
                <counter type="COMPLEXITY" missed="2" covered="0"/>
                <counter type="METHOD" missed="1" covered="0"/>
            </method>
            <method name="getMaxPrice" desc="()D" line="28">
                <counter type="INSTRUCTION" missed="3" covered="0"/>
                <counter type="LINE" missed="1" covered="0"/>
                <counter type="COMPLEXITY" missed="1" covered="0"/>
                <counter type="METHOD" missed="1" covered="0"/>
            </method>
            <counter type="INSTRUCTION" missed="19" covered="0"/>
            <counter type="BRANCH" missed="2" covered="0"/>
            <counter type="LINE" missed="5" covered="0"/>
            <counter type="COMPLEXITY" missed="4" covered="0"/>
            <counter type="METHOD" missed="3" covered="0"/>
            <counter type="CLASS" missed="1" covered="0"/>
        </class>
        <sourcefile name="TimeProvider.java">
            <line nr="5" mi="3" ci="0" mb="0" cb="0"/>
            <line nr="13" mi="0" ci="4" mb="0" cb="0"/>
            <counter type="INSTRUCTION" missed="3" covered="4"/>
            <counter type="LINE" missed="1" covered="1"/>
            <counter type="COMPLEXITY" missed="1" covered="1"/>
            <counter type="METHOD" missed="1" covered="1"/>
            <counter type="CLASS" missed="0" covered="1"/>
        </sourcefile>
        <sourcefile name="BrandCriterion.java">
            <line nr="10" mi="0" ci="2" mb="0" cb="0"/>
            <line nr="11" mi="0" ci="3" mb="0" cb="0"/>
            <line nr="12" mi="0" ci="1" mb="0" cb="0"/>
            <line nr="23" mi="0" ci="6" mb="0" cb="0"/>
            <line nr="28" mi="3" ci="0" mb="0" cb="0"/>
            <counter type="INSTRUCTION" missed="3" covered="12"/>
            <counter type="LINE" missed="1" covered="4"/>
            <counter type="COMPLEXITY" missed="1" covered="2"/>
            <counter type="METHOD" missed="1" covered="2"/>
            <counter type="CLASS" missed="0" covered="1"/>
        </sourcefile>
        <sourcefile name="MaxPriceCriterion.java">
            <line nr="10" mi="2" ci="0" mb="0" cb="0"/>
            <line nr="11" mi="3" ci="0" mb="0" cb="0"/>
            <line nr="12" mi="1" ci="0" mb="0" cb="0"/>
            <line nr="23" mi="10" ci="0" mb="2" cb="0"/>
            <line nr="28" mi="3" ci="0" mb="0" cb="0"/>
            <counter type="INSTRUCTION" missed="19" covered="0"/>
            <counter type="BRANCH" missed="2" covered="0"/>
            <counter type="LINE" missed="5" covered="0"/>
            <counter type="COMPLEXITY" missed="4" covered="0"/>
            <counter type="METHOD" missed="3" covered="0"/>
            <counter type="CLASS" missed="1" covered="0"/>
        </sourcefile>
        <counter type="INSTRUCTION" missed="25" covered="16"/>
        <counter type="BRANCH" missed="2" covered="0"/>
        <counter type="LINE" missed="7" covered="5"/>
        <counter type="COMPLEXITY" missed="6" covered="3"/>
        <counter type="METHOD" missed="5" covered="3"/>
        <counter type="CLASS" missed="1" covered="2"/>
    </package>
    <counter type="INSTRUCTION" missed="52" covered="258"/>
    <counter type="BRANCH" missed="12" covered="24"/>
    <counter type="LINE" missed="11" covered="57"/>
    <counter type="COMPLEXITY" missed="16" covered="32"/>
    <counter type="METHOD" missed="5" covered="25"/>
    <counter type="CLASS" missed="1" covered="7"/>
</report>