<?xml version="1.0" encoding="UTF-8" standalone="yes"?><!DOCTYPE report PUBLIC "-//JACOCO//DTD Report 1.1//EN"
        "report.dtd">
<report name="app">
    <sessioninfo id="Dell-Juliette-36af439" start="1708592107541" dump="1708592114010"/>
    <package name="agency">
        <class name="agency/AbstractVehicle" sourcefilename="AbstractVehicle.java">
            <method name="&lt;init&gt;" desc="(Ljava/lang/String;Ljava/lang/String;I)V" line="8">
                <counter type="INSTRUCTION" missed="0" covered="24"/>
                <counter type="BRANCH" missed="0" covered="4"/>
                <counter type="LINE" missed="0" covered="7"/>
                <counter type="COMPLEXITY" missed="0" covered="3"/>
                <counter type="METHOD" missed="0" covered="1"/>
            </method>
            <method name="getBrand" desc="()Ljava/lang/String;" line="24">
                <counter type="INSTRUCTION" missed="0" covered="3"/>
                <counter type="LINE" missed="0" covered="1"/>
                <counter type="COMPLEXITY" missed="0" covered="1"/>
                <counter type="METHOD" missed="0" covered="1"/>
            </method>
            <method name="getModel" desc="()Ljava/lang/String;" line="33">
                <counter type="INSTRUCTION" missed="0" covered="3"/>
                <counter type="LINE" missed="0" covered="1"/>
                <counter type="COMPLEXITY" missed="0" covered="1"/>
                <counter type="METHOD" missed="0" covered="1"/>
            </method>
            <method name="getProductionYear" desc="()I" line="42">
                <counter type="INSTRUCTION" missed="0" covered="3"/>
                <counter type="LINE" missed="0" covered="1"/>
                <counter type="COMPLEXITY" missed="0" covered="1"/>
                <counter type="METHOD" missed="0" covered="1"/>
            </method>
            <counter type="INSTRUCTION" missed="0" covered="33"/>
            <counter type="BRANCH" missed="0" covered="4"/>
            <counter type="LINE" missed="0" covered="10"/>
            <counter type="COMPLEXITY" missed="0" covered="6"/>
            <counter type="METHOD" missed="0" covered="4"/>
            <counter type="CLASS" missed="0" covered="1"/>
        </class>
        <class name="agency/Car" sourcefilename="Car.java">
            <method name="&lt;init&gt;" desc="(Ljava/lang/String;Ljava/lang/String;II)V" line="18">
                <counter type="INSTRUCTION" missed="0" covered="18"/>
                <counter type="BRANCH" missed="0" covered="2"/>
                <counter type="LINE" missed="0" covered="5"/>
                <counter type="COMPLEXITY" missed="0" covered="2"/>
                <counter type="METHOD" missed="0" covered="1"/>
            </method>
            <method name="isNew" desc="()Z" line="33">
                <counter type="INSTRUCTION" missed="0" covered="10"/>
                <counter type="BRANCH" missed="0" covered="2"/>
                <counter type="LINE" missed="0" covered="1"/>
                <counter type="COMPLEXITY" missed="0" covered="2"/>
                <counter type="METHOD" missed="0" covered="1"/>
            </method>
            <method name="dailyRentalPrice" desc="()D" line="39">
                <counter type="INSTRUCTION" missed="0" covered="18"/>
                <counter type="BRANCH" missed="0" covered="2"/>
                <counter type="LINE" missed="0" covered="4"/>
                <counter type="COMPLEXITY" missed="0" covered="2"/>
                <counter type="METHOD" missed="0" covered="1"/>
            </method>
            <method name="toString" desc="()Ljava/lang/String;" line="50">
                <counter type="INSTRUCTION" missed="0" covered="21"/>
                <counter type="BRANCH" missed="0" covered="2"/>
                <counter type="LINE" missed="0" covered="2"/>
                <counter type="COMPLEXITY" missed="0" covered="2"/>
                <counter type="METHOD" missed="0" covered="1"/>
            </method>
            <method name="equals" desc="(Ljava/lang/Object;)Z" line="56">
                <counter type="INSTRUCTION" missed="0" covered="30"/>
                <counter type="BRANCH" missed="2" covered="6"/>
                <counter type="LINE" missed="0" covered="3"/>
                <counter type="COMPLEXITY" missed="2" covered="3"/>
                <counter type="METHOD" missed="0" covered="1"/>
            </method>
            <counter type="INSTRUCTION" missed="0" covered="97"/>
            <counter type="BRANCH" missed="2" covered="14"/>
            <counter type="LINE" missed="0" covered="15"/>
            <counter type="COMPLEXITY" missed="2" covered="11"/>
            <counter type="METHOD" missed="0" covered="5"/>
            <counter type="CLASS" missed="0" covered="1"/>
        </class>
        <class name="agency/Motorbike" sourcefilename="Motorbike.java">
            <method name="&lt;init&gt;" desc="(Ljava/lang/String;Ljava/lang/String;II)V" line="7">
                <counter type="INSTRUCTION" missed="0" covered="18"/>
                <counter type="BRANCH" missed="0" covered="2"/>
                <counter type="LINE" missed="0" covered="5"/>
                <counter type="COMPLEXITY" missed="0" covered="2"/>
                <counter type="METHOD" missed="0" covered="1"/>
            </method>
            <method name="dailyRentalPrice" desc="()D" line="18">
                <counter type="INSTRUCTION" missed="0" covered="6"/>
                <counter type="LINE" missed="0" covered="1"/>
                <counter type="COMPLEXITY" missed="0" covered="1"/>
                <counter type="METHOD" missed="0" covered="1"/>
            </method>
            <method name="toString" desc="()Ljava/lang/String;" line="23">
                <counter type="INSTRUCTION" missed="0" covered="12"/>
                <counter type="LINE" missed="0" covered="1"/>
                <counter type="COMPLEXITY" missed="0" covered="1"/>
                <counter type="METHOD" missed="0" covered="1"/>
            </method>
            <method name="equals" desc="(Ljava/lang/Object;)Z" line="28">
                <counter type="INSTRUCTION" missed="0" covered="30"/>
                <counter type="BRANCH" missed="2" covered="6"/>
                <counter type="LINE" missed="0" covered="3"/>
                <counter type="COMPLEXITY" missed="2" covered="3"/>
                <counter type="METHOD" missed="0" covered="1"/>
            </method>
            <counter type="INSTRUCTION" missed="0" covered="66"/>
            <counter type="BRANCH" missed="2" covered="8"/>
            <counter type="LINE" missed="0" covered="10"/>
            <counter type="COMPLEXITY" missed="2" covered="7"/>
            <counter type="METHOD" missed="0" covered="4"/>
            <counter type="CLASS" missed="0" covered="1"/>
        </class>
        <class name="agency/RentalAgency" sourcefilename="RentalAgency.java">
            <method name="&lt;init&gt;" desc="()V" line="11">
                <counter type="INSTRUCTION" missed="0" covered="6"/>
                <counter type="LINE" missed="0" covered="2"/>
                <counter type="COMPLEXITY" missed="0" covered="1"/>
                <counter type="METHOD" missed="0" covered="1"/>
            </method>
            <method name="&lt;init&gt;" desc="(Ljava/util/List;)V" line="14">
                <counter type="INSTRUCTION" missed="0" covered="6"/>
                <counter type="LINE" missed="0" covered="3"/>
                <counter type="COMPLEXITY" missed="0" covered="1"/>
                <counter type="METHOD" missed="0" covered="1"/>
            </method>
            <method name="add" desc="(Lagency/Vehicle;)Z" line="19">
                <counter type="INSTRUCTION" missed="0" covered="14"/>
                <counter type="BRANCH" missed="0" covered="2"/>
                <counter type="LINE" missed="0" covered="4"/>
                <counter type="COMPLEXITY" missed="0" covered="2"/>
                <counter type="METHOD" missed="0" covered="1"/>
            </method>
            <method name="remove" desc="(Lagency/Vehicle;)V" line="28">
                <counter type="INSTRUCTION" missed="0" covered="16"/>
                <counter type="BRANCH" missed="0" covered="2"/>
                <counter type="LINE" missed="0" covered="4"/>
                <counter type="COMPLEXITY" missed="0" covered="2"/>
                <counter type="METHOD" missed="0" covered="1"/>
            </method>
            <method name="getVehicles" desc="()Ljava/util/List;" line="36">
                <counter type="INSTRUCTION" missed="0" covered="3"/>
                <counter type="LINE" missed="0" covered="1"/>
                <counter type="COMPLEXITY" missed="0" covered="1"/>
                <counter type="METHOD" missed="0" covered="1"/>
            </method>
            <counter type="INSTRUCTION" missed="0" covered="45"/>
            <counter type="BRANCH" missed="0" covered="4"/>
            <counter type="LINE" missed="0" covered="14"/>
            <counter type="COMPLEXITY" missed="0" covered="7"/>
            <counter type="METHOD" missed="0" covered="5"/>
            <counter type="CLASS" missed="0" covered="1"/>
        </class>
        <class name="agency/UnknownVehicleException" sourcefilename="UnknownVehicleException.java">
            <method name="&lt;init&gt;" desc="(Lagency/Vehicle;)V" line="6">
                <counter type="INSTRUCTION" missed="0" covered="6"/>
                <counter type="LINE" missed="0" covered="3"/>
                <counter type="COMPLEXITY" missed="0" covered="1"/>
                <counter type="METHOD" missed="0" covered="1"/>
            </method>
            <method name="getMessage" desc="()Ljava/lang/String;" line="12">
                <counter type="INSTRUCTION" missed="0" covered="5"/>
                <counter type="LINE" missed="0" covered="1"/>
                <counter type="COMPLEXITY" missed="0" covered="1"/>
                <counter type="METHOD" missed="0" covered="1"/>
            </method>
            <counter type="INSTRUCTION" missed="0" covered="11"/>
            <counter type="LINE" missed="0" covered="4"/>
            <counter type="COMPLEXITY" missed="0" covered="2"/>
            <counter type="METHOD" missed="0" covered="2"/>
            <counter type="CLASS" missed="0" covered="1"/>
        </class>
        <class name="agency/Vehicle" sourcefilename="Vehicle.java"/>
        <sourcefile name="AbstractVehicle.java">
            <line nr="8" mi="0" ci="2" mb="0" cb="0"/>
            <line nr="9" mi="0" ci="6" mb="0" cb="4"/>
            <line nr="10" mi="0" ci="6" mb="0" cb="0"/>
            <line nr="13" mi="0" ci="3" mb="0" cb="0"/>
            <line nr="14" mi="0" ci="3" mb="0" cb="0"/>
            <line nr="15" mi="0" ci="3" mb="0" cb="0"/>
            <line nr="16" mi="0" ci="1" mb="0" cb="0"/>
            <line nr="24" mi="0" ci="3" mb="0" cb="0"/>
            <line nr="33" mi="0" ci="3" mb="0" cb="0"/>
            <line nr="42" mi="0" ci="3" mb="0" cb="0"/>
            <counter type="INSTRUCTION" missed="0" covered="33"/>
            <counter type="BRANCH" missed="0" covered="4"/>
            <counter type="LINE" missed="0" covered="10"/>
            <counter type="COMPLEXITY" missed="0" covered="6"/>
            <counter type="METHOD" missed="0" covered="4"/>
            <counter type="CLASS" missed="0" covered="1"/>
        </sourcefile>
        <sourcefile name="RentalAgency.java">
            <line nr="11" mi="0" ci="5" mb="0" cb="0"/>
            <line nr="12" mi="0" ci="1" mb="0" cb="0"/>
            <line nr="14" mi="0" ci="2" mb="0" cb="0"/>
            <line nr="15" mi="0" ci="3" mb="0" cb="0"/>
            <line nr="16" mi="0" ci="1" mb="0" cb="0"/>
            <line nr="19" mi="0" ci="5" mb="0" cb="2"/>
            <line nr="20" mi="0" ci="2" mb="0" cb="0"/>
            <line nr="23" mi="0" ci="5" mb="0" cb="0"/>
            <line nr="24" mi="0" ci="2" mb="0" cb="0"/>
            <line nr="28" mi="0" ci="5" mb="0" cb="2"/>
            <line nr="29" mi="0" ci="5" mb="0" cb="0"/>
            <line nr="32" mi="0" ci="5" mb="0" cb="0"/>
            <line nr="33" mi="0" ci="1" mb="0" cb="0"/>
            <line nr="36" mi="0" ci="3" mb="0" cb="0"/>
            <counter type="INSTRUCTION" missed="0" covered="45"/>
            <counter type="BRANCH" missed="0" covered="4"/>
            <counter type="LINE" missed="0" covered="14"/>
            <counter type="COMPLEXITY" missed="0" covered="7"/>
            <counter type="METHOD" missed="0" covered="5"/>
            <counter type="CLASS" missed="0" covered="1"/>
        </sourcefile>
        <sourcefile name="Motorbike.java">
            <line nr="7" mi="0" ci="5" mb="0" cb="0"/>
            <line nr="9" mi="0" ci="3" mb="0" cb="2"/>
            <line nr="10" mi="0" ci="6" mb="0" cb="0"/>
            <line nr="13" mi="0" ci="3" mb="0" cb="0"/>
            <line nr="14" mi="0" ci="1" mb="0" cb="0"/>
            <line nr="18" mi="0" ci="6" mb="0" cb="0"/>
            <line nr="23" mi="0" ci="12" mb="0" cb="0"/>
            <line nr="28" mi="0" ci="4" mb="0" cb="2"/>
            <line nr="29" mi="0" ci="24" mb="2" cb="4"/>
            <line nr="31" mi="0" ci="2" mb="0" cb="0"/>
            <counter type="INSTRUCTION" missed="0" covered="66"/>
            <counter type="BRANCH" missed="2" covered="8"/>
            <counter type="LINE" missed="0" covered="10"/>
            <counter type="COMPLEXITY" missed="2" covered="7"/>
            <counter type="METHOD" missed="0" covered="4"/>
            <counter type="CLASS" missed="0" covered="1"/>
        </sourcefile>
        <sourcefile name="UnknownVehicleException.java">
            <line nr="6" mi="0" ci="2" mb="0" cb="0"/>
            <line nr="7" mi="0" ci="3" mb="0" cb="0"/>
            <line nr="8" mi="0" ci="1" mb="0" cb="0"/>
            <line nr="12" mi="0" ci="5" mb="0" cb="0"/>
            <counter type="INSTRUCTION" missed="0" covered="11"/>
            <counter type="LINE" missed="0" covered="4"/>
            <counter type="COMPLEXITY" missed="0" covered="2"/>
            <counter type="METHOD" missed="0" covered="2"/>
            <counter type="CLASS" missed="0" covered="1"/>
        </sourcefile>
        <sourcefile name="Vehicle.java"/>
        <sourcefile name="Car.java">
            <line nr="18" mi="0" ci="5" mb="0" cb="0"/>
            <line nr="20" mi="0" ci="3" mb="0" cb="2"/>
            <line nr="21" mi="0" ci="6" mb="0" cb="0"/>
            <line nr="24" mi="0" ci="3" mb="0" cb="0"/>
            <line nr="25" mi="0" ci="1" mb="0" cb="0"/>
            <line nr="33" mi="0" ci="10" mb="0" cb="2"/>
            <line nr="39" mi="0" ci="3" mb="0" cb="2"/>
            <line nr="40" mi="0" ci="7" mb="0" cb="0"/>
            <line nr="42" mi="0" ci="6" mb="0" cb="0"/>
            <line nr="45" mi="0" ci="2" mb="0" cb="0"/>
            <line nr="50" mi="0" ci="8" mb="0" cb="2"/>
            <line nr="51" mi="0" ci="13" mb="0" cb="0"/>
            <line nr="56" mi="0" ci="4" mb="0" cb="2"/>
            <line nr="57" mi="0" ci="24" mb="2" cb="4"/>
            <line nr="59" mi="0" ci="2" mb="0" cb="0"/>
            <counter type="INSTRUCTION" missed="0" covered="97"/>
            <counter type="BRANCH" missed="2" covered="14"/>
            <counter type="LINE" missed="0" covered="15"/>
            <counter type="COMPLEXITY" missed="2" covered="11"/>
            <counter type="METHOD" missed="0" covered="5"/>
            <counter type="CLASS" missed="0" covered="1"/>
        </sourcefile>
        <counter type="INSTRUCTION" missed="0" covered="252"/>
        <counter type="BRANCH" missed="4" covered="30"/>
        <counter type="LINE" missed="0" covered="53"/>
        <counter type="COMPLEXITY" missed="4" covered="33"/>
        <counter type="METHOD" missed="0" covered="20"/>
        <counter type="CLASS" missed="0" covered="5"/>
    </package>
    <package name="utils">
        <class name="utils/TimeProvider" sourcefilename="TimeProvider.java">
            <method name="&lt;init&gt;" desc="()V" line="5">
                <counter type="INSTRUCTION" missed="0" covered="3"/>
                <counter type="LINE" missed="0" covered="1"/>
                <counter type="COMPLEXITY" missed="0" covered="1"/>
                <counter type="METHOD" missed="0" covered="1"/>
            </method>
            <method name="currentYearValue" desc="()I" line="13">
                <counter type="INSTRUCTION" missed="0" covered="4"/>
                <counter type="LINE" missed="0" covered="1"/>
                <counter type="COMPLEXITY" missed="0" covered="1"/>
                <counter type="METHOD" missed="0" covered="1"/>
            </method>
            <counter type="INSTRUCTION" missed="0" covered="7"/>
            <counter type="LINE" missed="0" covered="2"/>
            <counter type="COMPLEXITY" missed="0" covered="2"/>
            <counter type="METHOD" missed="0" covered="2"/>
            <counter type="CLASS" missed="0" covered="1"/>
        </class>
        <sourcefile name="TimeProvider.java">
            <line nr="5" mi="0" ci="3" mb="0" cb="0"/>
            <line nr="13" mi="0" ci="4" mb="0" cb="0"/>
            <counter type="INSTRUCTION" missed="0" covered="7"/>
            <counter type="LINE" missed="0" covered="2"/>
            <counter type="COMPLEXITY" missed="0" covered="2"/>
            <counter type="METHOD" missed="0" covered="2"/>
            <counter type="CLASS" missed="0" covered="1"/>
        </sourcefile>
        <counter type="INSTRUCTION" missed="0" covered="7"/>
        <counter type="LINE" missed="0" covered="2"/>
        <counter type="COMPLEXITY" missed="0" covered="2"/>
        <counter type="METHOD" missed="0" covered="2"/>
        <counter type="CLASS" missed="0" covered="1"/>
    </package>
    <counter type="INSTRUCTION" missed="0" covered="259"/>
    <counter type="BRANCH" missed="4" covered="30"/>
    <counter type="LINE" missed="0" covered="55"/>
    <counter type="COMPLEXITY" missed="4" covered="35"/>
    <counter type="METHOD" missed="0" covered="22"/>
    <counter type="CLASS" missed="0" covered="6"/>
</report>